STDERR:

                      :-) GROMACS - gmx grompp, 2020.5 (-:

                            GROMACS is written by:
     Emile Apol      Rossen Apostolov      Paul Bauer     Herman J.C. Berendsen
    Par Bjelkmar      Christian Blau   Viacheslav Bolnykh     Kevin Boyd    
 Aldert van Buuren   Rudi van Drunen     Anton Feenstra       Alan Gray     
  Gerrit Groenhof     Anca Hamuraru    Vincent Hindriksen  M. Eric Irrgang  
  Aleksei Iupinov   Christoph Junghans     Joe Jordan     Dimitrios Karkoulis
    Peter Kasson        Jiri Kraus      Carsten Kutzner      Per Larsson    
  Justin A. Lemkul    Viveca Lindahl    Magnus Lundborg     Erik Marklund   
    Pascal Merz     Pieter Meulenhoff    Teemu Murtola       Szilard Pall   
    Sander Pronk      Roland Schulz      Michael Shirts    Alexey Shvetsov  
   Alfons Sijbers     Peter Tieleman      Jon Vincent      Teemu Virolainen 
 Christian Wennberg    Maarten Wolf      Artem Zhmurov   
                           and the project leaders:
        Mark Abraham, Berk Hess, Erik Lindahl, and David van der Spoel

Copyright (c) 1991-2000, University of Groningen, The Netherlands.
Copyright (c) 2001-2019, The GROMACS development team at
Uppsala University, Stockholm University and
the Royal Institute of Technology, Sweden.
check out http://www.gromacs.org for more information.

GROMACS is free software; you can redistribute it and/or modify it
under the terms of the GNU Lesser General Public License
as published by the Free Software Foundation; either version 2.1
of the License, or (at your option) any later version.

GROMACS:      gmx grompp, version 2020.5
Executable:   /usr/local/gromacs_2020/bin/gmx_mpi
Data prefix:  /usr/local/gromacs_2020
Working dir:  /home/arthur/Dropbox/#PhD/#my_scripts/myPKG/pyREX/pyREX/examples/files/rex/rex_4
Command line:
  gmx_mpi grompp -f ../ions.mdp -o /home/arthur/Dropbox/#PhD/#my_scripts/myPKG/pyREX/pyREX/examples/files/rex/rex_4/ions.tpr -c solvent.gro -p topol.top -nov -maxwarn 10

Ignoring obsolete mdp entry 'ns_type'

NOTE 1 [file ../ions.mdp]:
  With Verlet lists the optimal nstlist is >= 10, with GPUs >= 20. Note
  that with the Verlet scheme, nstlist has no effect on the accuracy of
  your simulation.

Setting the LD random seed to 1073192955
Generated 2145 of the 2145 non-bonded parameter combinations
Generating 1-4 interactions: fudge = 0.5
Generated 2145 of the 2145 1-4 parameter combinations
Excluding 3 bonded neighbours molecule type 'Protein_chain_A'
Excluding 2 bonded neighbours molecule type 'SOL'

NOTE 2 [file topol.top, line 13679]:
  System has non-zero total charge: 1.000000
  Total charge should normally be an integer. See
  http://www.gromacs.org/Documentation/Floating_Point_Arithmetic
  for discussion on how close it should be to an integer.
  



WARNING 1 [file topol.top, line 13679]:
  You are using Ewald electrostatics in a system with net charge. This can
  lead to severe artifacts, such as ions moving into regions with low
  dielectric, due to the uniform background charge. We suggest to
  neutralize your system with counter ions, possibly in combination with a
  physiological salt concentration.

Number of degrees of freedom in T-Coupling group rest is 160578.00
Estimate for the relative computational load of the PME mesh part: 0.27

There were 2 notes

There was 1 warning

GROMACS reminds you: "Push It Real Good" (Salt 'n' Pepa)


STDOUT:


++++ PLEASE READ AND CITE THE FOLLOWING REFERENCE ++++
J. S. Hub, B. L. de Groot, H. Grubmueller, G. Groenhof
Quantifying Artifacts in Ewald Simulations of Inhomogeneous Systems with a Net
Charge
J. Chem. Theory Comput. 10 (2014) pp. 381-393
-------- -------- --- Thank You --- -------- --------

Analysing residue names:
There are:    92    Protein residues
There are: 26042      Water residues
Analysing Protein...
Calculating fourier grid dimensions for X Y Z
Using a fourier grid of 80x80x80, spacing 0.117 0.117 0.117
This run will generate roughly 6 Mb of data

