STDERR:

                     :-) GROMACS - gmx solvate, 2020.6 (-:

                            GROMACS is written by:
     Emile Apol      Rossen Apostolov      Paul Bauer     Herman J.C. Berendsen
    Par Bjelkmar      Christian Blau   Viacheslav Bolnykh     Kevin Boyd    
 Aldert van Buuren   Rudi van Drunen     Anton Feenstra       Alan Gray     
  Gerrit Groenhof     Anca Hamuraru    Vincent Hindriksen  M. Eric Irrgang  
  Aleksei Iupinov   Christoph Junghans     Joe Jordan     Dimitrios Karkoulis
    Peter Kasson        Jiri Kraus      Carsten Kutzner      Per Larsson    
  Justin A. Lemkul    Viveca Lindahl    Magnus Lundborg     Erik Marklund   
    Pascal Merz     Pieter Meulenhoff    Teemu Murtola       Szilard Pall   
    Sander Pronk      Roland Schulz      Michael Shirts    Alexey Shvetsov  
   Alfons Sijbers     Peter Tieleman      Jon Vincent      Teemu Virolainen 
 Christian Wennberg    Maarten Wolf      Artem Zhmurov   
                           and the project leaders:
        Mark Abraham, Berk Hess, Erik Lindahl, and David van der Spoel

Copyright (c) 1991-2000, University of Groningen, The Netherlands.
Copyright (c) 2001-2019, The GROMACS development team at
Uppsala University, Stockholm University and
the Royal Institute of Technology, Sweden.
check out http://www.gromacs.org for more information.

GROMACS is free software; you can redistribute it and/or modify it
under the terms of the GNU Lesser General Public License
as published by the Free Software Foundation; either version 2.1
of the License, or (at your option) any later version.

GROMACS:      gmx solvate, version 2020.6
Executable:   /usr/local/gromacs_2020/bin/gmx_mpi
Data prefix:  /usr/local/gromacs_2020
Working dir:  /home/arthur/Dropbox/#PhD/#my_scripts/myPKG/pyrexMD/pyrexMD/examples/files/rex/rex_10
Command line:
  gmx_mpi solvate -cp box.gro -cs spc216.gro -o /home/arthur/Dropbox/#PhD/#my_scripts/myPKG/pyrexMD/pyrexMD/examples/files/rex/rex_10/solvent.gro -p topol.top -maxsol 26042

Reading solute configuration
Reading solvent configuration

Initialising inter-atomic distances...
Generating solvent configuration
Will generate new solvent configuration of 6x6x6 boxes
Solvent box contains 91494 atoms in 30498 residues
Removed 11859 solvent atoms due to solvent-solvent overlap
Removed 1368 solvent atoms due to solute-solvent overlap
Sorting configuration
Found 1 molecule type:
    SOL (   3 atoms): 26042 residues
Generated solvent containing 78126 atoms in 26042 residues
Writing generated configuration to /home/arthur/Dropbox/#PhD/#my_scripts/myPKG/pyrexMD/pyrexMD/examples/files/rex/rex_10/solvent.gro

Output configuration contains 79569 atoms in 26134 residues
Volume                 :     830.584 (nm^3)
Density                :     959.641 (g/l)
Number of solvent molecules:  26042   

Processing topology

Back Off! I just backed up topol.top to ./#topol.top.1#

GROMACS reminds you: "Move Over Hogey Bear" (Urban Dance Squad)


STDOUT:


WARNING: Masses and atomic (Van der Waals) radii will be guessed
         based on residue and atom names, since they could not be
         definitively assigned from the information in your input
         files. These guessed numbers might deviate from the mass
         and radius of the atom type. Please check the output
         files if necessary.

NOTE: From version 5.0 gmx solvate uses the Van der Waals radii
from the source below. This means the results may be different
compared to previous GROMACS versions.

++++ PLEASE READ AND CITE THE FOLLOWING REFERENCE ++++
A. Bondi
van der Waals Volumes and Radii
J. Phys. Chem. 68 (1964) pp. 441-451
-------- -------- --- Thank You --- -------- --------

Adding line for 26042 solvent molecules with resname (SOL) to topology file (topol.top)

