STDERR:

                      :-) GROMACS - gmx grompp, 2020.6 (-:

                            GROMACS is written by:
     Emile Apol      Rossen Apostolov      Paul Bauer     Herman J.C. Berendsen
    Par Bjelkmar      Christian Blau   Viacheslav Bolnykh     Kevin Boyd    
 Aldert van Buuren   Rudi van Drunen     Anton Feenstra       Alan Gray     
  Gerrit Groenhof     Anca Hamuraru    Vincent Hindriksen  M. Eric Irrgang  
  Aleksei Iupinov   Christoph Junghans     Joe Jordan     Dimitrios Karkoulis
    Peter Kasson        Jiri Kraus      Carsten Kutzner      Per Larsson    
  Justin A. Lemkul    Viveca Lindahl    Magnus Lundborg     Erik Marklund   
    Pascal Merz     Pieter Meulenhoff    Teemu Murtola       Szilard Pall   
    Sander Pronk      Roland Schulz      Michael Shirts    Alexey Shvetsov  
   Alfons Sijbers     Peter Tieleman      Jon Vincent      Teemu Virolainen 
 Christian Wennberg    Maarten Wolf      Artem Zhmurov   
                           and the project leaders:
        Mark Abraham, Berk Hess, Erik Lindahl, and David van der Spoel

Copyright (c) 1991-2000, University of Groningen, The Netherlands.
Copyright (c) 2001-2019, The GROMACS development team at
Uppsala University, Stockholm University and
the Royal Institute of Technology, Sweden.
check out http://www.gromacs.org for more information.

GROMACS is free software; you can redistribute it and/or modify it
under the terms of the GNU Lesser General Public License
as published by the Free Software Foundation; either version 2.1
of the License, or (at your option) any later version.

GROMACS:      gmx grompp, version 2020.6
Executable:   /usr/local/gromacs_2020/bin/gmx_mpi
Data prefix:  /usr/local/gromacs_2020
Working dir:  /home/arthur/Dropbox/#PhD/#my_scripts/myPKG/pyrexMD/pyrexMD/examples/files/rex
Command line:
  gmx_mpi grompp -f /home/arthur/Dropbox/#PhD/#my_scripts/myPKG/pyrexMD/pyrexMD/examples/files/rex/rex_9/rex.mdp -o /home/arthur/Dropbox/#PhD/#my_scripts/myPKG/pyrexMD/pyrexMD/examples/files/rex/rex_9/rex.tpr -c /home/arthur/Dropbox/#PhD/#my_scripts/myPKG/pyrexMD/pyrexMD/examples/files/rex/rex_9/em.gro -p /home/arthur/Dropbox/#PhD/#my_scripts/myPKG/pyrexMD/pyrexMD/examples/files/rex/rex_9/topol_mod.top -nov -maxwarn 10

Ignoring obsolete mdp entry 'ns_type'
Setting the LD random seed to 1560115547
Generated 2145 of the 2145 non-bonded parameter combinations
Generating 1-4 interactions: fudge = 0.5
Generated 2145 of the 2145 1-4 parameter combinations
Excluding 3 bonded neighbours molecule type 'Protein_chain_A'
Excluding 2 bonded neighbours molecule type 'SOL'
Excluding 1 bonded neighbours molecule type 'CL'
Number of degrees of freedom in T-Coupling group Protein is 3595.93
Number of degrees of freedom in T-Coupling group non-Protein is 156246.06
Estimate for the relative computational load of the PME mesh part: 0.23

NOTE 1 [file /home/arthur/Dropbox/#PhD/#my_scripts/myPKG/pyrexMD/pyrexMD/examples/files/rex/rex_9/rex.mdp]:
  This run will generate roughly 9608 Mb of data


There was 1 note

GROMACS reminds you: "Let us not get carried away with our ideas and take our models too seriously" (Nancy Swanson)


STDOUT:

turning H bonds into constraints...
turning H bonds into constraints...
turning H bonds into constraints...
Analysing residue names:
There are:    92    Protein residues
There are: 26041      Water residues
There are:     1        Ion residues
Analysing Protein...
Analysing residues not classified as Protein/DNA/RNA/Water and splitting into groups...
Determining Verlet buffer for a tolerance of 0.005 kJ/mol/ps at 293.77 K
Calculated rlist for 1x1 atom pair-list as 1.034 nm, buffer size 0.034 nm
Set rlist, assuming 4x4 atom pair-list, to 1.000 nm, buffer size 0.000 nm
Note that mdrun will redetermine rlist based on the actual pair-list setup
Calculating fourier grid dimensions for X Y Z
Using a fourier grid of 60x60x60, spacing 0.157 0.157 0.157

