STDERR:

                     :-) GROMACS - gmx pdb2gmx, 2020.5 (-:

                            GROMACS is written by:
     Emile Apol      Rossen Apostolov      Paul Bauer     Herman J.C. Berendsen
    Par Bjelkmar      Christian Blau   Viacheslav Bolnykh     Kevin Boyd    
 Aldert van Buuren   Rudi van Drunen     Anton Feenstra       Alan Gray     
  Gerrit Groenhof     Anca Hamuraru    Vincent Hindriksen  M. Eric Irrgang  
  Aleksei Iupinov   Christoph Junghans     Joe Jordan     Dimitrios Karkoulis
    Peter Kasson        Jiri Kraus      Carsten Kutzner      Per Larsson    
  Justin A. Lemkul    Viveca Lindahl    Magnus Lundborg     Erik Marklund   
    Pascal Merz     Pieter Meulenhoff    Teemu Murtola       Szilard Pall   
    Sander Pronk      Roland Schulz      Michael Shirts    Alexey Shvetsov  
   Alfons Sijbers     Peter Tieleman      Jon Vincent      Teemu Virolainen 
 Christian Wennberg    Maarten Wolf      Artem Zhmurov   
                           and the project leaders:
        Mark Abraham, Berk Hess, Erik Lindahl, and David van der Spoel

Copyright (c) 1991-2000, University of Groningen, The Netherlands.
Copyright (c) 2001-2019, The GROMACS development team at
Uppsala University, Stockholm University and
the Royal Institute of Technology, Sweden.
check out http://www.gromacs.org for more information.

GROMACS is free software; you can redistribute it and/or modify it
under the terms of the GNU Lesser General Public License
as published by the Free Software Foundation; either version 2.1
of the License, or (at your option) any later version.

GROMACS:      gmx pdb2gmx, version 2020.5
Executable:   /usr/local/gromacs_2020/bin/gmx_mpi
Data prefix:  /usr/local/gromacs_2020
Working dir:  /home/arthur/Dropbox/#PhD/#my_scripts/myPKG/pyrexMD/pyrexMD/examples/files/protein
Command line:
  gmx_mpi pdb2gmx -f /home/arthur/Dropbox/#PhD/#my_scripts/myPKG/pyrexMD/pyrexMD/examples/files/protein/1l2y_ref.pdb -o /home/arthur/Dropbox/#PhD/#my_scripts/myPKG/pyrexMD/pyrexMD/examples/files/protein/protein.gro -ff amber99sb-ildn -water tip3p -ignh -v

Opening force field file /usr/local/gromacs_2020/share/gromacs/top/amber99sb-ildn.ff/aminoacids.r2b
Opening force field file /usr/local/gromacs_2020/share/gromacs/top/amber99sb-ildn.ff/dna.r2b
Opening force field file /usr/local/gromacs_2020/share/gromacs/top/amber99sb-ildn.ff/rna.r2b
All occupancies are one
Opening force field file /usr/local/gromacs_2020/share/gromacs/top/amber99sb-ildn.ff/atomtypes.atp
Opening force field file /usr/local/gromacs_2020/share/gromacs/top/amber99sb-ildn.ff/aminoacids.rtp
Opening force field file /usr/local/gromacs_2020/share/gromacs/top/amber99sb-ildn.ff/dna.rtp
Opening force field file /usr/local/gromacs_2020/share/gromacs/top/amber99sb-ildn.ff/rna.rtp
Opening force field file /usr/local/gromacs_2020/share/gromacs/top/amber99sb-ildn.ff/aminoacids.hdb
Opening force field file /usr/local/gromacs_2020/share/gromacs/top/amber99sb-ildn.ff/dna.hdb
Opening force field file /usr/local/gromacs_2020/share/gromacs/top/amber99sb-ildn.ff/rna.hdb
Opening force field file /usr/local/gromacs_2020/share/gromacs/top/amber99sb-ildn.ff/aminoacids.n.tdb
Opening force field file /usr/local/gromacs_2020/share/gromacs/top/amber99sb-ildn.ff/aminoacids.c.tdb

Back Off! I just backed up topol.top to ./#topol.top.1#
8 out of 8 lines of specbond.dat converted successfully
Opening force field file /usr/local/gromacs_2020/share/gromacs/top/amber99sb-ildn.ff/aminoacids.arn
Opening force field file /usr/local/gromacs_2020/share/gromacs/top/amber99sb-ildn.ff/dna.arn
Opening force field file /usr/local/gromacs_2020/share/gromacs/top/amber99sb-ildn.ff/rna.arn
Making bonds...
Number of bonds was 311, now 310
Generating angles, dihedrals and pairs...
Before cleaning: 818 pairs
Before cleaning: 873 dihedrals
Keeping all generated dihedrals
Making cmap torsions...
There are  873 dihedrals,   61 impropers,  565 angles
           812 pairs,      310 bonds and     0 virtual sites
Total mass 2170.450 a.m.u.
Total charge 1.000 e
Writing topology

Back Off! I just backed up posre.itp to ./#posre.itp.1#

Writing coordinate file...

Back Off! I just backed up /home/arthur/Dropbox/#PhD/#my_scripts/myPKG/pyrexMD/pyrexMD/examples/files/protein/protein.gro to /home/arthur/Dropbox/#PhD/#my_scripts/myPKG/pyrexMD/pyrexMD/examples/files/protein/#protein.gro.1#

GROMACS reminds you: "There's so many shades of black" (The Raconteurs)


STDOUT:


Using the Amber99sb-ildn force field in directory amber99sb-ildn.ff

going to rename amber99sb-ildn.ff/aminoacids.r2b
going to rename amber99sb-ildn.ff/dna.r2b
going to rename amber99sb-ildn.ff/rna.r2b
Reading /home/arthur/Dropbox/#PhD/#my_scripts/myPKG/pyrexMD/pyrexMD/examples/files/protein/1l2y_ref.pdb...
Read 'TC5B', 154 atoms
Renaming atom 'OC1' in residue 20 SER to 'O'
Renaming atom 'OC2' in residue 20 SER to 'OXT'
Analyzing pdb file
Splitting chemical chains based on TER records or chain id changing.
There are 1 chains and 0 blocks of water and 20 residues with 154 atoms

  chain  #res #atoms
  1 'A'    20    154  

Reading residue database... (Amber99sb-ildn)
Processing chain 1 'A' (154 atoms, 20 residues)
Identified residue ASN1 as a starting terminus.
Identified residue SER20 as a ending terminus.
Changing rtp entry of residue 1 ASN to 'NASN'
Changing rtp entry of residue 20 SER to 'CSER'
Renaming atom 'O' in residue 20 SER to 'OC2'
Renaming atom 'OXT' in residue 20 SER to 'OC1'
Checking for duplicate atoms....
Generating any missing hydrogen atoms and/or adding termini.
Now there are 20 residues with 304 atoms
		--------- PLEASE NOTE ------------
You have successfully generated a topology from: /home/arthur/Dropbox/#PhD/#my_scripts/myPKG/pyrexMD/pyrexMD/examples/files/protein/1l2y_ref.pdb.
The Amber99sb-ildn force field and the tip3p water model are used.
		--------- ETON ESAELP ------------

