STDERR:

                      :-) GROMACS - gmx grompp, 2020.6 (-:

                            GROMACS is written by:
     Emile Apol      Rossen Apostolov      Paul Bauer     Herman J.C. Berendsen
    Par Bjelkmar      Christian Blau   Viacheslav Bolnykh     Kevin Boyd    
 Aldert van Buuren   Rudi van Drunen     Anton Feenstra       Alan Gray     
  Gerrit Groenhof     Anca Hamuraru    Vincent Hindriksen  M. Eric Irrgang  
  Aleksei Iupinov   Christoph Junghans     Joe Jordan     Dimitrios Karkoulis
    Peter Kasson        Jiri Kraus      Carsten Kutzner      Per Larsson    
  Justin A. Lemkul    Viveca Lindahl    Magnus Lundborg     Erik Marklund   
    Pascal Merz     Pieter Meulenhoff    Teemu Murtola       Szilard Pall   
    Sander Pronk      Roland Schulz      Michael Shirts    Alexey Shvetsov  
   Alfons Sijbers     Peter Tieleman      Jon Vincent      Teemu Virolainen 
 Christian Wennberg    Maarten Wolf      Artem Zhmurov   
                           and the project leaders:
        Mark Abraham, Berk Hess, Erik Lindahl, and David van der Spoel

Copyright (c) 1991-2000, University of Groningen, The Netherlands.
Copyright (c) 2001-2019, The GROMACS development team at
Uppsala University, Stockholm University and
the Royal Institute of Technology, Sweden.
check out http://www.gromacs.org for more information.

GROMACS is free software; you can redistribute it and/or modify it
under the terms of the GNU Lesser General Public License
as published by the Free Software Foundation; either version 2.1
of the License, or (at your option) any later version.

GROMACS:      gmx grompp, version 2020.6
Executable:   /usr/local/gromacs_2020/bin/gmx_mpi
Data prefix:  /usr/local/gromacs_2020
Working dir:  /home/arthur/Dropbox/#PhD/#my_scripts/myPKG/pyrexMD/pyrexMD/examples/files/rex/rex_4
Command line:
  gmx_mpi grompp -f ../min.mdp -o /home/arthur/Dropbox/#PhD/#my_scripts/myPKG/pyrexMD/pyrexMD/examples/files/rex/rex_4/em.tpr -c ions.gro -p topol.top -v -maxwarn 10

Ignoring obsolete mdp entry 'ns_type'
checking input for internal consistency...

NOTE 1 [file ../min.mdp]:
  With Verlet lists the optimal nstlist is >= 10, with GPUs >= 20. Note
  that with the Verlet scheme, nstlist has no effect on the accuracy of
  your simulation.

Setting the LD random seed to 2063597461
Generated 2145 of the 2145 non-bonded parameter combinations
Generating 1-4 interactions: fudge = 0.5
Generated 2145 of the 2145 1-4 parameter combinations
Excluding 3 bonded neighbours molecule type 'Protein_chain_A'
Excluding 2 bonded neighbours molecule type 'SOL'
Excluding 1 bonded neighbours molecule type 'CL'
processing coordinates...
double-checking input for internal consistency...
renumbering atomtypes...
converting bonded parameters...
initialising group options...
processing index file...
Making dummy/rest group for T-Coupling containing 79567 elements
Making dummy/rest group for Acceleration containing 79567 elements
Making dummy/rest group for Freeze containing 79567 elements
Making dummy/rest group for Energy Mon. containing 79567 elements
Making dummy/rest group for VCM containing 79567 elements
Number of degrees of freedom in T-Coupling group rest is 160575.00
Making dummy/rest group for User1 containing 79567 elements
Making dummy/rest group for User2 containing 79567 elements
Making dummy/rest group for Compressed X containing 79567 elements
Making dummy/rest group for Or. Res. Fit containing 79567 elements
Making dummy/rest group for QMMM containing 79567 elements
T-Coupling       has 1 element(s): rest
Energy Mon.      has 1 element(s): rest
Acceleration     has 1 element(s): rest
Freeze           has 1 element(s): rest
User1            has 1 element(s): rest
User2            has 1 element(s): rest
VCM              has 1 element(s): rest
Compressed X     has 1 element(s): rest
Or. Res. Fit     has 1 element(s): rest
QMMM             has 1 element(s): rest
Estimate for the relative computational load of the PME mesh part: 0.27
writing run input file...

There was 1 note

GROMACS reminds you: "There is no such thing as free energy. Anyone who advocates it does not know what he is talking about." (Alireza Haghighat)


STDOUT:

processing topology...
Analysing residue names:
There are:    92    Protein residues
There are: 26041      Water residues
There are:     1        Ion residues
Analysing Protein...
Analysing residues not classified as Protein/DNA/RNA/Water and splitting into groups...
Calculating fourier grid dimensions for X Y Z
Using a fourier grid of 80x80x80, spacing 0.117 0.117 0.117
This run will generate roughly 26 Mb of data

